<?xml version="1.0" encoding="UTF-8"?>
<!-- Generated by org.testng.reporters.JUnitReportReporter -->
<testsuite hostname="BHAVNAWKS107" name="com.bsip.LPQ.Hello" tests="1" failures="0" timestamp="29 Apr 2019 10:33:58 GMT" time="0.009" errors="0">
  <testcase name="hello" time="0.009" classname="com.bsip.LPQ.Hello"/>
</testsuite> <!-- com.bsip.LPQ.Hello -->
